<?xml version="1.0" encoding="UTF-8"?>
<!-- Generated by org.testng.reporters.JUnitReportReporter -->
<testsuite hostname="SUBHA-DAS" failures="0" tests="1" name="testCase.Verify_Registration_page" time="187.947" errors="0" timestamp="2022-07-04T16:37:20 IST" skipped="0">
  <testcase classname="testCase.Verify_Registration_page" name="registrationPage" time="187.947"/>
  <system-out>
    <![CDATA[Succesfully LoginRam00092911 : Ram1231
Succesfully LoginRam00002122 : Ram1232
Succesfully LoginRam00003233 : Ram1233
Succesfully LoginRam00004344 : Ram1234
Succesfully LoginRam00005455 : Ram1235
Succesfully LoginRam00006566 : Ram1236
Succesfully LoginRam00007677 : Ram1237
Succesfully LoginRam00008788 : Ram1238
Succesfully LoginRam00009999 : Ram1239
Succesfully LoginRam00010000 : Ram1240]]>
  </system-out>
</testsuite> <!-- testCase.Verify_Registration_page -->
