<?xml version="1.0" encoding="UTF-8"?>
<!-- Generated by org.testng.reporters.JUnitReportReporter -->
<testsuite hostname="SUBHA-DAS" failures="0" tests="1" name="testCase.Verify_Header_Page" time="16.039" errors="0" timestamp="2022-07-05T09:24:19 IST" skipped="0">
  <testcase classname="testCase.Verify_Header_Page" name="verify_Header_Page" time="16.039"/>
  <system-out>
    <![CDATA[ParaBank | Welcome | Online Banking
Experience the difference
Solutions
ParaSoft Demo Website
Available Bookstore SOAP services:
Automated Software Testing Tool Suite | Parasoft
Automated Software Testing Solutions For Every Testing Need
Administration
ParaBank | Welcome | Online Banking
ParaBank | About Us
ParaBank | Customer Care]]>
  </system-out>
</testsuite> <!-- testCase.Verify_Header_Page -->
